# JRE version: 7.0_09-b30
# Java VM: OpenJDK Client VM (23.2-b09 mixed mode linux-x86 )
Heap
 def new generation   total 4928K, used 766K [0x905c0000, 0x90b10000, 0x9b060000)
  eden space 4416K,   5% used [0x905c0000, 0x905ff9a8, 0x90a10000)
  from space 512K,  99% used [0x90a10000, 0x90a8fff8, 0x90a90000)
  to   space 512K,   0% used [0x90a90000, 0x90a90000, 0x90b10000)
 tenured generation   total 10944K, used 5406K [0x9b060000, 0x9bb10000, 0xb05c0000)
   the space 10944K,  49% used [0x9b060000, 0x9b5a7a28, 0x9b5a7c00, 0x9bb10000)
 compacting perm gen  total 12288K, used 10847K [0xb05c0000, 0xb11c0000, 0xb45c0000)
   the space 12288K,  88% used [0xb05c0000, 0xb1057e58, 0xb1058000, 0xb11c0000)
GC Heap History (10 events):
Event: 1.705 GC heap before
{Heap before GC invocations=1 (full 0):
 def new generation   total 4928K, used 4927K [0x905c0000, 0x90b10000, 0x9b060000)
  eden space 4416K,  99% used [0x905c0000, 0x90a0ffb8, 0x90a10000)
  from space 512K, 100% used [0x90a90000, 0x90b10000, 0x90b10000)
  to   space 512K,   0% used [0x90a10000, 0x90a10000, 0x90a90000)
 tenured generation   total 10944K, used 984K [0x9b060000, 0x9bb10000, 0xb05c0000)
   the space 10944K,   8% used [0x9b060000, 0x9b1560a0, 0x9b156200, 0x9bb10000)
 compacting perm gen  total 12288K, used 6784K [0xb05c0000, 0xb11c0000, 0xb45c0000)
   the space 12288K,  55% used [0xb05c0000, 0xb0c603b0, 0xb0c60400, 0xb11c0000)
No shared spaces configured.
Event: 1.717 GC heap after
Heap after GC invocations=2 (full 0):
 def new generation   total 4928K, used 426K [0x905c0000, 0x90b10000, 0x9b060000)
  eden space 4416K,   0% used [0x905c0000, 0x905c0000, 0x90a10000)
  from space 512K,  83% used [0x90a10000, 0x90a7a978, 0x90a90000)
  to   space 512K,   0% used [0x90a90000, 0x90a90000, 0x90b10000)
 tenured generation   total 10944K, used 3253K [0x9b060000, 0x9bb10000, 0xb05c0000)
   the space 10944K,  29% used [0x9b060000, 0x9b38d7e8, 0x9b38d800, 0x9bb10000)
 compacting perm gen  total 12288K, used 6784K [0xb05c0000, 0xb11c0000, 0xb45c0000)
   the space 12288K,  55% used [0xb05c0000, 0xb0c603b0, 0xb0c60400, 0xb11c0000)
No shared spaces configured.
}
Event: 2.107 GC heap before
{Heap before GC invocations=2 (full 0):
 def new generation   total 4928K, used 4842K [0x905c0000, 0x90b10000, 0x9b060000)
  eden space 4416K, 100% used [0x905c0000, 0x90a10000, 0x90a10000)
  from space 512K,  83% used [0x90a10000, 0x90a7a978, 0x90a90000)
  to   space 512K,   0% used [0x90a90000, 0x90a90000, 0x90b10000)
 tenured generation   total 10944K, used 3253K [0x9b060000, 0x9bb10000, 0xb05c0000)
   the space 10944K,  29% used [0x9b060000, 0x9b38d7e8, 0x9b38d800, 0x9bb10000)
 compacting perm gen  total 12288K, used 8013K [0xb05c0000, 0xb11c0000, 0xb45c0000)
   the space 12288K,  65% used [0xb05c0000, 0xb0d93490, 0xb0d93600, 0xb11c0000)
No shared spaces configured.
Event: 2.118 GC heap after
Heap after GC invocations=3 (full 0):
 def new generation   total 4928K, used 512K [0x905c0000, 0x90b10000, 0x9b060000)
  eden space 4416K,   0% used [0x905c0000, 0x905c0000, 0x90a10000)
  from space 512K, 100% used [0x90a90000, 0x90b10000, 0x90b10000)
  to   space 512K,   0% used [0x90a10000, 0x90a10000, 0x90a90000)
 tenured generation   total 10944K, used 3912K [0x9b060000, 0x9bb10000, 0xb05c0000)
   the space 10944K,  35% used [0x9b060000, 0x9b4320c8, 0x9b432200, 0x9bb10000)
 compacting perm gen  total 12288K, used 8013K [0xb05c0000, 0xb11c0000, 0xb45c0000)
   the space 12288K,  65% used [0xb05c0000, 0xb0d93490, 0xb0d93600, 0xb11c0000)
No shared spaces configured.
}
Event: 2.208 GC heap before
{Heap before GC invocations=3 (full 0):
 def new generation   total 4928K, used 4920K [0x905c0000, 0x90b10000, 0x9b060000)
  eden space 4416K,  99% used [0x905c0000, 0x90a0e020, 0x90a10000)
  from space 512K, 100% used [0x90a90000, 0x90b10000, 0x90b10000)
  to   space 512K,   0% used [0x90a10000, 0x90a10000, 0x90a90000)
 tenured generation   total 10944K, used 3912K [0x9b060000, 0x9bb10000, 0xb05c0000)
   the space 10944K,  35% used [0x9b060000, 0x9b4320c8, 0x9b432200, 0x9bb10000)
 compacting perm gen  total 12288K, used 8032K [0xb05c0000, 0xb11c0000, 0xb45c0000)
   the space 12288K,  65% used [0xb05c0000, 0xb0d98278, 0xb0d98400, 0xb11c0000)
No shared spaces configured.
Event: 2.214 GC heap after
Heap after GC invocations=4 (full 0):
 def new generation   total 4928K, used 452K [0x905c0000, 0x90b10000, 0x9b060000)
  eden space 4416K,   0% used [0x905c0000, 0x905c0000, 0x90a10000)
  from space 512K,  88% used [0x90a10000, 0x90a81388, 0x90a90000)
  to   space 512K,   0% used [0x90a90000, 0x90a90000, 0x90b10000)
 tenured generation   total 10944K, used 4362K [0x9b060000, 0x9bb10000, 0xb05c0000)
   the space 10944K,  39% used [0x9b060000, 0x9b4a2890, 0x9b4a2a00, 0x9bb10000)
 compacting perm gen  total 12288K, used 8032K [0xb05c0000, 0xb11c0000, 0xb45c0000)
   the space 12288K,  65% used [0xb05c0000, 0xb0d98278, 0xb0d98400, 0xb11c0000)
No shared spaces configured.
}
Event: 5.523 GC heap before
{Heap before GC invocations=4 (full 0):
 def new generation   total 4928K, used 4868K [0x905c0000, 0x90b10000, 0x9b060000)
  eden space 4416K, 100% used [0x905c0000, 0x90a10000, 0x90a10000)
  from space 512K,  88% used [0x90a10000, 0x90a81388, 0x90a90000)
  to   space 512K,   0% used [0x90a90000, 0x90a90000, 0x90b10000)
 tenured generation   total 10944K, used 4362K [0x9b060000, 0x9bb10000, 0xb05c0000)
   the space 10944K,  39% used [0x9b060000, 0x9b4a2890, 0x9b4a2a00, 0x9bb10000)
 compacting perm gen  total 12288K, used 10748K [0xb05c0000, 0xb11c0000, 0xb45c0000)
   the space 12288K,  87% used [0xb05c0000, 0xb103f048, 0xb103f200, 0xb11c0000)
No shared spaces configured.
Event: 5.534 GC heap after
Heap after GC invocations=5 (full 0):
 def new generation   total 4928K, used 512K [0x905c0000, 0x90b10000, 0x9b060000)
  eden space 4416K,   0% used [0x905c0000, 0x905c0000, 0x90a10000)
  from space 512K, 100% used [0x90a90000, 0x90b10000, 0x90b10000)
  to   space 512K,   0% used [0x90a10000, 0x90a10000, 0x90a90000)
 tenured generation   total 10944K, used 4866K [0x9b060000, 0x9bb10000, 0xb05c0000)
   the space 10944K,  44% used [0x9b060000, 0x9b520a80, 0x9b520c00, 0x9bb10000)
 compacting perm gen  total 12288K, used 10748K [0xb05c0000, 0xb11c0000, 0xb45c0000)
   the space 12288K,  87% used [0xb05c0000, 0xb103f048, 0xb103f200, 0xb11c0000)
No shared spaces configured.
}
Event: 735.397 GC heap before
{Heap before GC invocations=5 (full 0):
 def new generation   total 4928K, used 4918K [0x905c0000, 0x90b10000, 0x9b060000)
  eden space 4416K,  99% used [0x905c0000, 0x90a0db20, 0x90a10000)
  from space 512K, 100% used [0x90a90000, 0x90b10000, 0x90b10000)
  to   space 512K,   0% used [0x90a10000, 0x90a10000, 0x90a90000)
 tenured generation   total 10944K, used 4866K [0x9b060000, 0x9bb10000, 0xb05c0000)
   the space 10944K,  44% used [0x9b060000, 0x9b520a80, 0x9b520c00, 0x9bb10000)
 compacting perm gen  total 12288K, used 10846K [0xb05c0000, 0xb11c0000, 0xb45c0000)
   the space 12288K,  88% used [0xb05c0000, 0xb1057a18, 0xb1057c00, 0xb11c0000)
No shared spaces configured.
Event: 735.419 GC heap after
Heap after GC invocations=6 (full 0):
 def new generation   total 4928K, used 511K [0x905c0000, 0x90b10000, 0x9b060000)
  eden space 4416K,   0% used [0x905c0000, 0x905c0000, 0x90a10000)
  from space 512K,  99% used [0x90a10000, 0x90a8fff8, 0x90a90000)
  to   space 512K,   0% used [0x90a90000, 0x90a90000, 0x90b10000)
 tenured generation   total 10944K, used 5406K [0x9b060000, 0x9bb10000, 0xb05c0000)
   the space 10944K,  49% used [0x9b060000, 0x9b5a7a28, 0x9b5a7c00, 0x9bb10000)
 compacting perm gen  total 12288K, used 10846K [0xb05c0000, 0xb11c0000, 0xb45c0000)
   the space 12288K,  88% used [0xb05c0000, 0xb1057a18, 0xb1057c00, 0xb11c0000)
No shared spaces configured.
}

