# JRE version: 7.0_09-b30
# Java VM: OpenJDK Client VM (23.2-b09 mixed mode, sharing linux-x86 )
Heap
 def new generation   total 4928K, used 4451K [0x6e940000, 0x6ee90000, 0x793e0000)
  eden space 4416K,  90% used [0x6e940000, 0x6ed2b968, 0x6ed90000)
  from space 512K,  85% used [0x6ed90000, 0x6edfd4b0, 0x6ee10000)
  to   space 512K,   0% used [0x6ee10000, 0x6ee10000, 0x6ee90000)
 tenured generation   total 10944K, used 5760K [0x793e0000, 0x79e90000, 0x8e940000)
   the space 10944K,  52% used [0x793e0000, 0x799802f8, 0x79980400, 0x79e90000)
 compacting perm gen  total 12288K, used 2875K [0x8e940000, 0x8f540000, 0x92940000)
   the space 12288K,  23% used [0x8e940000, 0x8ec0ed90, 0x8ec0ee00, 0x8f540000)
    ro space 10240K,  60% used [0x92940000, 0x92f50428, 0x92f50600, 0x93340000)
    rw space 12288K,  61% used [0x93340000, 0x93aa5ec0, 0x93aa6000, 0x93f40000)
GC Heap History (10 events):
Event: 56.383 GC heap before
{Heap before GC invocations=5 (full 0):
 def new generation   total 4928K, used 4802K [0x6e940000, 0x6ee90000, 0x793e0000)
  eden space 4416K, 100% used [0x6e940000, 0x6ed90000, 0x6ed90000)
  from space 512K,  75% used [0x6ee10000, 0x6ee70be8, 0x6ee90000)
  to   space 512K,   0% used [0x6ed90000, 0x6ed90000, 0x6ee10000)
 tenured generation   total 10944K, used 4435K [0x793e0000, 0x79e90000, 0x8e940000)
   the space 10944K,  40% used [0x793e0000, 0x79834cd0, 0x79834e00, 0x79e90000)
 compacting perm gen  total 12288K, used 2832K [0x8e940000, 0x8f540000, 0x92940000)
   the space 12288K,  23% used [0x8e940000, 0x8ec04008, 0x8ec04200, 0x8f540000)
    ro space 10240K,  60% used [0x92940000, 0x92f50428, 0x92f50600, 0x93340000)
    rw space 12288K,  61% used [0x93340000, 0x93aa5ec0, 0x93aa6000, 0x93f40000)
Event: 56.464 GC heap after
Heap after GC invocations=6 (full 0):
 def new generation   total 4928K, used 512K [0x6e940000, 0x6ee90000, 0x793e0000)
  eden space 4416K,   0% used [0x6e940000, 0x6e940000, 0x6ed90000)
  from space 512K, 100% used [0x6ed90000, 0x6ee10000, 0x6ee10000)
  to   space 512K,   0% used [0x6ee10000, 0x6ee10000, 0x6ee90000)
 tenured generation   total 10944K, used 5050K [0x793e0000, 0x79e90000, 0x8e940000)
   the space 10944K,  46% used [0x793e0000, 0x798cebe0, 0x798cec00, 0x79e90000)
 compacting perm gen  total 12288K, used 2832K [0x8e940000, 0x8f540000, 0x92940000)
   the space 12288K,  23% used [0x8e940000, 0x8ec04008, 0x8ec04200, 0x8f540000)
    ro space 10240K,  60% used [0x92940000, 0x92f50428, 0x92f50600, 0x93340000)
    rw space 12288K,  61% used [0x93340000, 0x93aa5ec0, 0x93aa6000, 0x93f40000)
}
Event: 451.122 GC heap before
{Heap before GC invocations=6 (full 0):
 def new generation   total 4928K, used 4928K [0x6e940000, 0x6ee90000, 0x793e0000)
  eden space 4416K, 100% used [0x6e940000, 0x6ed90000, 0x6ed90000)
  from space 512K, 100% used [0x6ed90000, 0x6ee10000, 0x6ee10000)
  to   space 512K,   0% used [0x6ee10000, 0x6ee10000, 0x6ee90000)
 tenured generation   total 10944K, used 5050K [0x793e0000, 0x79e90000, 0x8e940000)
   the space 10944K,  46% used [0x793e0000, 0x798cebe0, 0x798cec00, 0x79e90000)
 compacting perm gen  total 12288K, used 2866K [0x8e940000, 0x8f540000, 0x92940000)
   the space 12288K,  23% used [0x8e940000, 0x8ec0c9c0, 0x8ec0ca00, 0x8f540000)
    ro space 10240K,  60% used [0x92940000, 0x92f50428, 0x92f50600, 0x93340000)
    rw space 12288K,  61% used [0x93340000, 0x93aa5ec0, 0x93aa6000, 0x93f40000)
Event: 451.126 GC heap after
Heap after GC invocations=7 (full 0):
 def new generation   total 4928K, used 285K [0x6e940000, 0x6ee90000, 0x793e0000)
  eden space 4416K,   0% used [0x6e940000, 0x6e940000, 0x6ed90000)
  from space 512K,  55% used [0x6ee10000, 0x6ee576a0, 0x6ee90000)
  to   space 512K,   0% used [0x6ed90000, 0x6ed90000, 0x6ee10000)
 tenured generation   total 10944K, used 5522K [0x793e0000, 0x79e90000, 0x8e940000)
   the space 10944K,  50% used [0x793e0000, 0x79944be0, 0x79944c00, 0x79e90000)
 compacting perm gen  total 12288K, used 2866K [0x8e940000, 0x8f540000, 0x92940000)
   the space 12288K,  23% used [0x8e940000, 0x8ec0c9c0, 0x8ec0ca00, 0x8f540000)
    ro space 10240K,  60% used [0x92940000, 0x92f50428, 0x92f50600, 0x93340000)
    rw space 12288K,  61% used [0x93340000, 0x93aa5ec0, 0x93aa6000, 0x93f40000)
}
Event: 584.922 GC heap before
{Heap before GC invocations=7 (full 0):
 def new generation   total 4928K, used 4701K [0x6e940000, 0x6ee90000, 0x793e0000)
  eden space 4416K, 100% used [0x6e940000, 0x6ed90000, 0x6ed90000)
  from space 512K,  55% used [0x6ee10000, 0x6ee576a0, 0x6ee90000)
  to   space 512K,   0% used [0x6ed90000, 0x6ed90000, 0x6ee10000)
 tenured generation   total 10944K, used 5522K [0x793e0000, 0x79e90000, 0x8e940000)
   the space 10944K,  50% used [0x793e0000, 0x79944be0, 0x79944c00, 0x79e90000)
 compacting perm gen  total 12288K, used 2867K [0x8e940000, 0x8f540000, 0x92940000)
   the space 12288K,  23% used [0x8e940000, 0x8ec0ccf0, 0x8ec0ce00, 0x8f540000)
    ro space 10240K,  60% used [0x92940000, 0x92f50428, 0x92f50600, 0x93340000)
    rw space 12288K,  61% used [0x93340000, 0x93aa5ec0, 0x93aa6000, 0x93f40000)
Event: 584.924 GC heap after
Heap after GC invocations=8 (full 0):
 def new generation   total 4928K, used 112K [0x6e940000, 0x6ee90000, 0x793e0000)
  eden space 4416K,   0% used [0x6e940000, 0x6e940000, 0x6ed90000)
  from space 512K,  21% used [0x6ed90000, 0x6edac210, 0x6ee10000)
  to   space 512K,   0% used [0x6ee10000, 0x6ee10000, 0x6ee90000)
 tenured generation   total 10944K, used 5658K [0x793e0000, 0x79e90000, 0x8e940000)
   the space 10944K,  51% used [0x793e0000, 0x799669f0, 0x79966a00, 0x79e90000)
 compacting perm gen  total 12288K, used 2867K [0x8e940000, 0x8f540000, 0x92940000)
   the space 12288K,  23% used [0x8e940000, 0x8ec0ccf0, 0x8ec0ce00, 0x8f540000)
    ro space 10240K,  60% used [0x92940000, 0x92f50428, 0x92f50600, 0x93340000)
    rw space 12288K,  61% used [0x93340000, 0x93aa5ec0, 0x93aa6000, 0x93f40000)
}
Event: 628.702 GC heap before
{Heap before GC invocations=8 (full 0):
 def new generation   total 4928K, used 4528K [0x6e940000, 0x6ee90000, 0x793e0000)
  eden space 4416K, 100% used [0x6e940000, 0x6ed90000, 0x6ed90000)
  from space 512K,  21% used [0x6ed90000, 0x6edac210, 0x6ee10000)
  to   space 512K,   0% used [0x6ee10000, 0x6ee10000, 0x6ee90000)
 tenured generation   total 10944K, used 5658K [0x793e0000, 0x79e90000, 0x8e940000)
   the space 10944K,  51% used [0x793e0000, 0x799669f0, 0x79966a00, 0x79e90000)
 compacting perm gen  total 12288K, used 2874K [0x8e940000, 0x8f540000, 0x92940000)
   the space 12288K,  23% used [0x8e940000, 0x8ec0eb40, 0x8ec0ec00, 0x8f540000)
    ro space 10240K,  60% used [0x92940000, 0x92f50428, 0x92f50600, 0x93340000)
    rw space 12288K,  61% used [0x93340000, 0x93aa5ec0, 0x93aa6000, 0x93f40000)
Event: 628.704 GC heap after
Heap after GC invocations=9 (full 0):
 def new generation   total 4928K, used 346K [0x6e940000, 0x6ee90000, 0x793e0000)
  eden space 4416K,   0% used [0x6e940000, 0x6e940000, 0x6ed90000)
  from space 512K,  67% used [0x6ee10000, 0x6ee66b60, 0x6ee90000)
  to   space 512K,   0% used [0x6ed90000, 0x6ed90000, 0x6ee10000)
 tenured generation   total 10944K, used 5658K [0x793e0000, 0x79e90000, 0x8e940000)
   the space 10944K,  51% used [0x793e0000, 0x799669f0, 0x79966a00, 0x79e90000)
 compacting perm gen  total 12288K, used 2874K [0x8e940000, 0x8f540000, 0x92940000)
   the space 12288K,  23% used [0x8e940000, 0x8ec0eb40, 0x8ec0ec00, 0x8f540000)
    ro space 10240K,  60% used [0x92940000, 0x92f50428, 0x92f50600, 0x93340000)
    rw space 12288K,  61% used [0x93340000, 0x93aa5ec0, 0x93aa6000, 0x93f40000)
}
Event: 738.804 GC heap before
{Heap before GC invocations=9 (full 0):
 def new generation   total 4928K, used 4664K [0x6e940000, 0x6ee90000, 0x793e0000)
  eden space 4416K,  97% used [0x6e940000, 0x6ed77610, 0x6ed90000)
  from space 512K,  67% used [0x6ee10000, 0x6ee66b60, 0x6ee90000)
  to   space 512K,   0% used [0x6ed90000, 0x6ed90000, 0x6ee10000)
 tenured generation   total 10944K, used 5658K [0x793e0000, 0x79e90000, 0x8e940000)
   the space 10944K,  51% used [0x793e0000, 0x799669f0, 0x79966a00, 0x79e90000)
 compacting perm gen  total 12288K, used 2874K [0x8e940000, 0x8f540000, 0x92940000)
   the space 12288K,  23% used [0x8e940000, 0x8ec0ebc0, 0x8ec0ec00, 0x8f540000)
    ro space 10240K,  60% used [0x92940000, 0x92f50428, 0x92f50600, 0x93340000)
    rw space 12288K,  61% used [0x93340000, 0x93aa5ec0, 0x93aa6000, 0x93f40000)
Event: 738.808 GC heap after
Heap after GC invocations=10 (full 0):
 def new generation   total 4928K, used 437K [0x6e940000, 0x6ee90000, 0x793e0000)
  eden space 4416K,   0% used [0x6e940000, 0x6e940000, 0x6ed90000)
  from space 512K,  85% used [0x6ed90000, 0x6edfd4b0, 0x6ee10000)
  to   space 512K,   0% used [0x6ee10000, 0x6ee10000, 0x6ee90000)
 tenured generation   total 10944K, used 5760K [0x793e0000, 0x79e90000, 0x8e940000)
   the space 10944K,  52% used [0x793e0000, 0x799802f8, 0x79980400, 0x79e90000)
 compacting perm gen  total 12288K, used 2874K [0x8e940000, 0x8f540000, 0x92940000)
   the space 12288K,  23% used [0x8e940000, 0x8ec0ebc0, 0x8ec0ec00, 0x8f540000)
    ro space 10240K,  60% used [0x92940000, 0x92f50428, 0x92f50600, 0x93340000)
    rw space 12288K,  61% used [0x93340000, 0x93aa5ec0, 0x93aa6000, 0x93f40000)
}

