# JRE version: 7.0_09-b30
# Java VM: OpenJDK Client VM (23.2-b09 mixed mode linux-x86 )
Heap
 def new generation   total 4928K, used 948K [0x905c0000, 0x90b10000, 0x9b060000)
  eden space 4416K,   9% used [0x905c0000, 0x9062d060, 0x90a10000)
  from space 512K, 100% used [0x90a90000, 0x90b10000, 0x90b10000)
  to   space 512K,   0% used [0x90a10000, 0x90a10000, 0x90a90000)
 tenured generation   total 10944K, used 4863K [0x9b060000, 0x9bb10000, 0xb05c0000)
   the space 10944K,  44% used [0x9b060000, 0x9b51fec8, 0x9b520000, 0x9bb10000)
 compacting perm gen  total 12288K, used 10839K [0xb05c0000, 0xb11c0000, 0xb45c0000)
   the space 12288K,  88% used [0xb05c0000, 0xb1055fe8, 0xb1056000, 0xb11c0000)
GC Heap History (10 events):
Event: 1.169 GC heap before
{Heap before GC invocations=0 (full 0):
 def new generation   total 4928K, used 4416K [0x905c0000, 0x90b10000, 0x9b060000)
  eden space 4416K, 100% used [0x905c0000, 0x90a10000, 0x90a10000)
  from space 512K,   0% used [0x90a10000, 0x90a10000, 0x90a90000)
  to   space 512K,   0% used [0x90a90000, 0x90a90000, 0x90b10000)
 tenured generation   total 10944K, used 0K [0x9b060000, 0x9bb10000, 0xb05c0000)
   the space 10944K,   0% used [0x9b060000, 0x9b060000, 0x9b060200, 0x9bb10000)
 compacting perm gen  total 12288K, used 5579K [0xb05c0000, 0xb11c0000, 0xb45c0000)
   the space 12288K,  45% used [0xb05c0000, 0xb0b32e88, 0xb0b33000, 0xb11c0000)
No shared spaces configured.
Event: 1.183 GC heap after
Heap after GC invocations=1 (full 0):
 def new generation   total 4928K, used 512K [0x905c0000, 0x90b10000, 0x9b060000)
  eden space 4416K,   0% used [0x905c0000, 0x905c0000, 0x90a10000)
  from space 512K, 100% used [0x90a90000, 0x90b10000, 0x90b10000)
  to   space 512K,   0% used [0x90a10000, 0x90a10000, 0x90a90000)
 tenured generation   total 10944K, used 984K [0x9b060000, 0x9bb10000, 0xb05c0000)
   the space 10944K,   8% used [0x9b060000, 0x9b1560a0, 0x9b156200, 0x9bb10000)
 compacting perm gen  total 12288K, used 5579K [0xb05c0000, 0xb11c0000, 0xb45c0000)
   the space 12288K,  45% used [0xb05c0000, 0xb0b32e88, 0xb0b33000, 0xb11c0000)
No shared spaces configured.
}
Event: 2.180 GC heap before
{Heap before GC invocations=1 (full 0):
 def new generation   total 4928K, used 4925K [0x905c0000, 0x90b10000, 0x9b060000)
  eden space 4416K,  99% used [0x905c0000, 0x90a0f5b8, 0x90a10000)
  from space 512K, 100% used [0x90a90000, 0x90b10000, 0x90b10000)
  to   space 512K,   0% used [0x90a10000, 0x90a10000, 0x90a90000)
 tenured generation   total 10944K, used 984K [0x9b060000, 0x9bb10000, 0xb05c0000)
   the space 10944K,   8% used [0x9b060000, 0x9b1560a0, 0x9b156200, 0x9bb10000)
 compacting perm gen  total 12288K, used 6779K [0xb05c0000, 0xb11c0000, 0xb45c0000)
   the space 12288K,  55% used [0xb05c0000, 0xb0c5ee78, 0xb0c5f000, 0xb11c0000)
No shared spaces configured.
Event: 2.192 GC heap after
Heap after GC invocations=2 (full 0):
 def new generation   total 4928K, used 426K [0x905c0000, 0x90b10000, 0x9b060000)
  eden space 4416K,   0% used [0x905c0000, 0x905c0000, 0x90a10000)
  from space 512K,  83% used [0x90a10000, 0x90a7a8a0, 0x90a90000)
  to   space 512K,   0% used [0x90a90000, 0x90a90000, 0x90b10000)
 tenured generation   total 10944K, used 3253K [0x9b060000, 0x9bb10000, 0xb05c0000)
   the space 10944K,  29% used [0x9b060000, 0x9b38d7e8, 0x9b38d800, 0x9bb10000)
 compacting perm gen  total 12288K, used 6779K [0xb05c0000, 0xb11c0000, 0xb45c0000)
   the space 12288K,  55% used [0xb05c0000, 0xb0c5ee78, 0xb0c5f000, 0xb11c0000)
No shared spaces configured.
}
Event: 2.592 GC heap before
{Heap before GC invocations=2 (full 0):
 def new generation   total 4928K, used 4842K [0x905c0000, 0x90b10000, 0x9b060000)
  eden space 4416K, 100% used [0x905c0000, 0x90a10000, 0x90a10000)
  from space 512K,  83% used [0x90a10000, 0x90a7a8a0, 0x90a90000)
  to   space 512K,   0% used [0x90a90000, 0x90a90000, 0x90b10000)
 tenured generation   total 10944K, used 3253K [0x9b060000, 0x9bb10000, 0xb05c0000)
   the space 10944K,  29% used [0x9b060000, 0x9b38d7e8, 0x9b38d800, 0x9bb10000)
 compacting perm gen  total 12288K, used 8007K [0xb05c0000, 0xb11c0000, 0xb45c0000)
   the space 12288K,  65% used [0xb05c0000, 0xb0d91f58, 0xb0d92000, 0xb11c0000)
No shared spaces configured.
Event: 2.603 GC heap after
Heap after GC invocations=3 (full 0):
 def new generation   total 4928K, used 512K [0x905c0000, 0x90b10000, 0x9b060000)
  eden space 4416K,   0% used [0x905c0000, 0x905c0000, 0x90a10000)
  from space 512K, 100% used [0x90a90000, 0x90b10000, 0x90b10000)
  to   space 512K,   0% used [0x90a10000, 0x90a10000, 0x90a90000)
 tenured generation   total 10944K, used 3901K [0x9b060000, 0x9bb10000, 0xb05c0000)
   the space 10944K,  35% used [0x9b060000, 0x9b42f7b8, 0x9b42f800, 0x9bb10000)
 compacting perm gen  total 12288K, used 8007K [0xb05c0000, 0xb11c0000, 0xb45c0000)
   the space 12288K,  65% used [0xb05c0000, 0xb0d91f58, 0xb0d92000, 0xb11c0000)
No shared spaces configured.
}
Event: 2.698 GC heap before
{Heap before GC invocations=3 (full 0):
 def new generation   total 4928K, used 4928K [0x905c0000, 0x90b10000, 0x9b060000)
  eden space 4416K, 100% used [0x905c0000, 0x90a10000, 0x90a10000)
  from space 512K, 100% used [0x90a90000, 0x90b10000, 0x90b10000)
  to   space 512K,   0% used [0x90a10000, 0x90a10000, 0x90a90000)
 tenured generation   total 10944K, used 3901K [0x9b060000, 0x9bb10000, 0xb05c0000)
   the space 10944K,  35% used [0x9b060000, 0x9b42f7b8, 0x9b42f800, 0x9bb10000)
 compacting perm gen  total 12288K, used 8027K [0xb05c0000, 0xb11c0000, 0xb45c0000)
   the space 12288K,  65% used [0xb05c0000, 0xb0d96d20, 0xb0d96e00, 0xb11c0000)
No shared spaces configured.
Event: 2.704 GC heap after
Heap after GC invocations=4 (full 0):
 def new generation   total 4928K, used 452K [0x905c0000, 0x90b10000, 0x9b060000)
  eden space 4416K,   0% used [0x905c0000, 0x905c0000, 0x90a10000)
  from space 512K,  88% used [0x90a10000, 0x90a813a0, 0x90a90000)
  to   space 512K,   0% used [0x90a90000, 0x90a90000, 0x90b10000)
 tenured generation   total 10944K, used 4362K [0x9b060000, 0x9bb10000, 0xb05c0000)
   the space 10944K,  39% used [0x9b060000, 0x9b4a2808, 0x9b4a2a00, 0x9bb10000)
 compacting perm gen  total 12288K, used 8027K [0xb05c0000, 0xb11c0000, 0xb45c0000)
   the space 12288K,  65% used [0xb05c0000, 0xb0d96d20, 0xb0d96e00, 0xb11c0000)
No shared spaces configured.
}
Event: 10.497 GC heap before
{Heap before GC invocations=4 (full 0):
 def new generation   total 4928K, used 4868K [0x905c0000, 0x90b10000, 0x9b060000)
  eden space 4416K, 100% used [0x905c0000, 0x90a10000, 0x90a10000)
  from space 512K,  88% used [0x90a10000, 0x90a813a0, 0x90a90000)
  to   space 512K,   0% used [0x90a90000, 0x90a90000, 0x90b10000)
 tenured generation   total 10944K, used 4362K [0x9b060000, 0x9bb10000, 0xb05c0000)
   the space 10944K,  39% used [0x9b060000, 0x9b4a2808, 0x9b4a2a00, 0x9bb10000)
 compacting perm gen  total 12288K, used 10680K [0xb05c0000, 0xb11c0000, 0xb45c0000)
   the space 12288K,  86% used [0xb05c0000, 0xb102e210, 0xb102e400, 0xb11c0000)
No shared spaces configured.
Event: 10.507 GC heap after
Heap after GC invocations=5 (full 0):
 def new generation   total 4928K, used 512K [0x905c0000, 0x90b10000, 0x9b060000)
  eden space 4416K,   0% used [0x905c0000, 0x905c0000, 0x90a10000)
  from space 512K, 100% used [0x90a90000, 0x90b10000, 0x90b10000)
  to   space 512K,   0% used [0x90a10000, 0x90a10000, 0x90a90000)
 tenured generation   total 10944K, used 4863K [0x9b060000, 0x9bb10000, 0xb05c0000)
   the space 10944K,  44% used [0x9b060000, 0x9b51fec8, 0x9b520000, 0x9bb10000)
 compacting perm gen  total 12288K, used 10680K [0xb05c0000, 0xb11c0000, 0xb45c0000)
   the space 12288K,  86% used [0xb05c0000, 0xb102e210, 0xb102e400, 0xb11c0000)
No shared spaces configured.
}

